# JRE version: Java(TM) SE Runtime Environment (8.0_201-b09) (build 1.8.0_201-b09)
# Java VM: Java HotSpot(TM) 64-Bit Server VM (25.201-b09 mixed mode bsd-amd64 compressed oops)
Heap:
 PSYoungGen      total 879616K, used 393128K [0x000000076ab00000, 0x00000007a1d00000, 0x00000007c0000000)
  eden space 856064K, 45% used [0x000000076ab00000,0x0000000782aea188,0x000000079ef00000)
  from space 23552K, 0% used [0x00000007a0600000,0x00000007a0600000,0x00000007a1d00000)
  to   space 23552K, 0% used [0x000000079ef00000,0x000000079ef00000,0x00000007a0600000)
 ParOldGen       total 186368K, used 32257K [0x00000006c0000000, 0x00000006cb600000, 0x000000076ab00000)
  object space 186368K, 17% used [0x00000006c0000000,0x00000006c1f806e0,0x00000006cb600000)
 Metaspace       used 69849K, capacity 73470K, committed 73728K, reserved 1114112K
  class space    used 9359K, capacity 9979K, committed 9984K, reserved 1048576K
GC Heap History (10 events):
Event: 7.887 GC heap before
{Heap before GC invocations=14 (full 3):
 PSYoungGen      total 474112K, used 605K [0x000000076ab00000, 0x0000000795c80000, 0x00000007c0000000)
  eden space 452096K, 0% used [0x000000076ab00000,0x000000076ab00000,0x0000000786480000)
  from space 22016K, 2% used [0x0000000786480000,0x0000000786517630,0x0000000787a00000)
  to   space 22528K, 0% used [0x0000000794680000,0x0000000794680000,0x0000000795c80000)
 ParOldGen       total 144384K, used 48615K [0x00000006c0000000, 0x00000006c8d00000, 0x000000076ab00000)
  object space 144384K, 33% used [0x00000006c0000000,0x00000006c2f79e58,0x00000006c8d00000)
 Metaspace       used 56960K, capacity 58934K, committed 59028K, reserved 1099776K
  class space    used 7528K, capacity 7908K, committed 7936K, reserved 1048576K
Event: 7.999 GC heap after
Heap after GC invocations=14 (full 3):
 PSYoungGen      total 474112K, used 0K [0x000000076ab00000, 0x0000000795c80000, 0x00000007c0000000)
  eden space 452096K, 0% used [0x000000076ab00000,0x000000076ab00000,0x0000000786480000)
  from space 22016K, 0% used [0x0000000786480000,0x0000000786480000,0x0000000787a00000)
  to   space 22528K, 0% used [0x0000000794680000,0x0000000794680000,0x0000000795c80000)
 ParOldGen       total 186368K, used 30109K [0x00000006c0000000, 0x00000006cb600000, 0x000000076ab00000)
  object space 186368K, 16% used [0x00000006c0000000,0x00000006c1d67410,0x00000006cb600000)
 Metaspace       used 56960K, capacity 58934K, committed 59028K, reserved 1099776K
  class space    used 7528K, capacity 7908K, committed 7936K, reserved 1048576K
}
Event: 58.874 GC heap before
{Heap before GC invocations=15 (full 3):
 PSYoungGen      total 474112K, used 452096K [0x000000076ab00000, 0x0000000795c80000, 0x00000007c0000000)
  eden space 452096K, 100% used [0x000000076ab00000,0x0000000786480000,0x0000000786480000)
  from space 22016K, 0% used [0x0000000786480000,0x0000000786480000,0x0000000787a00000)
  to   space 22528K, 0% used [0x0000000794680000,0x0000000794680000,0x0000000795c80000)
 ParOldGen       total 186368K, used 30109K [0x00000006c0000000, 0x00000006cb600000, 0x000000076ab00000)
  object space 186368K, 16% used [0x00000006c0000000,0x00000006c1d67410,0x00000006cb600000)
 Metaspace       used 66885K, capacity 69932K, committed 70016K, reserved 1110016K
  class space    used 9055K, capacity 9593K, committed 9600K, reserved 1048576K
Event: 58.889 GC heap after
Heap after GC invocations=15 (full 3):
 PSYoungGen      total 647168K, used 15621K [0x000000076ab00000, 0x0000000795600000, 0x00000007c0000000)
  eden space 631296K, 0% used [0x000000076ab00000,0x000000076ab00000,0x0000000791380000)
  from space 15872K, 98% used [0x0000000794680000,0x00000007955c14f8,0x0000000795600000)
  to   space 23552K, 0% used [0x0000000792800000,0x0000000792800000,0x0000000793f00000)
 ParOldGen       total 186368K, used 30117K [0x00000006c0000000, 0x00000006cb600000, 0x000000076ab00000)
  object space 186368K, 16% used [0x00000006c0000000,0x00000006c1d69410,0x00000006cb600000)
 Metaspace       used 66885K, capacity 69932K, committed 70016K, reserved 1110016K
  class space    used 9055K, capacity 9593K, committed 9600K, reserved 1048576K
}
Event: 250.046 GC heap before
{Heap before GC invocations=16 (full 3):
 PSYoungGen      total 647168K, used 646917K [0x000000076ab00000, 0x0000000795600000, 0x00000007c0000000)
  eden space 631296K, 100% used [0x000000076ab00000,0x0000000791380000,0x0000000791380000)
  from space 15872K, 98% used [0x0000000794680000,0x00000007955c14f8,0x0000000795600000)
  to   space 23552K, 0% used [0x0000000792800000,0x0000000792800000,0x0000000793f00000)
 ParOldGen       total 186368K, used 30117K [0x00000006c0000000, 0x00000006cb600000, 0x000000076ab00000)
  object space 186368K, 16% used [0x00000006c0000000,0x00000006c1d69410,0x00000006cb600000)
 Metaspace       used 68809K, capacity 72130K, committed 72320K, reserved 1112064K
  class space    used 9270K, capacity 9846K, committed 9856K, reserved 1048576K
Event: 250.053 GC heap after
Heap after GC invocations=16 (full 3):
 PSYoungGen      total 675840K, used 1777K [0x000000076ab00000, 0x00000007a1d00000, 0x00000007c0000000)
  eden space 652288K, 0% used [0x000000076ab00000,0x000000076ab00000,0x0000000792800000)
  from space 23552K, 7% used [0x0000000792800000,0x00000007929bc720,0x0000000793f00000)
  to   space 23552K, 0% used [0x00000007a0600000,0x00000007a0600000,0x00000007a1d00000)
 ParOldGen       total 186368K, used 37889K [0x00000006c0000000, 0x00000006cb600000, 0x000000076ab00000)
  object space 186368K, 20% used [0x00000006c0000000,0x00000006c2500490,0x00000006cb600000)
 Metaspace       used 68809K, capacity 72130K, committed 72320K, reserved 1112064K
  class space    used 9270K, capacity 9846K, committed 9856K, reserved 1048576K
}
Event: 370.988 GC heap before
{Heap before GC invocations=17 (full 3):
 PSYoungGen      total 675840K, used 413002K [0x000000076ab00000, 0x00000007a1d00000, 0x00000007c0000000)
  eden space 652288K, 63% used [0x000000076ab00000,0x0000000783c96490,0x0000000792800000)
  from space 23552K, 7% used [0x0000000792800000,0x00000007929bc720,0x0000000793f00000)
  to   space 23552K, 0% used [0x00000007a0600000,0x00000007a0600000,0x00000007a1d00000)
 ParOldGen       total 186368K, used 37889K [0x00000006c0000000, 0x00000006cb600000, 0x000000076ab00000)
  object space 186368K, 20% used [0x00000006c0000000,0x00000006c2500490,0x00000006cb600000)
 Metaspace       used 69041K, capacity 72400K, committed 72704K, reserved 1112064K
  class space    used 9296K, capacity 9876K, committed 9984K, reserved 1048576K
Event: 370.992 GC heap after
Heap after GC invocations=17 (full 3):
 PSYoungGen      total 879616K, used 448K [0x000000076ab00000, 0x00000007a1d00000, 0x00000007c0000000)
  eden space 856064K, 0% used [0x000000076ab00000,0x000000076ab00000,0x000000079ef00000)
  from space 23552K, 1% used [0x00000007a0600000,0x00000007a0670000,0x00000007a1d00000)
  to   space 23552K, 0% used [0x000000079ef00000,0x000000079ef00000,0x00000007a0600000)
 ParOldGen       total 186368K, used 38361K [0x00000006c0000000, 0x00000006cb600000, 0x000000076ab00000)
  object space 186368K, 20% used [0x00000006c0000000,0x00000006c2576490,0x00000006cb600000)
 Metaspace       used 69041K, capacity 72400K, committed 72704K, reserved 1112064K
  class space    used 9296K, capacity 9876K, committed 9984K, reserved 1048576K
}
Event: 370.992 GC heap before
{Heap before GC invocations=18 (full 4):
 PSYoungGen      total 879616K, used 448K [0x000000076ab00000, 0x00000007a1d00000, 0x00000007c0000000)
  eden space 856064K, 0% used [0x000000076ab00000,0x000000076ab00000,0x000000079ef00000)
  from space 23552K, 1% used [0x00000007a0600000,0x00000007a0670000,0x00000007a1d00000)
  to   space 23552K, 0% used [0x000000079ef00000,0x000000079ef00000,0x00000007a0600000)
 ParOldGen       total 186368K, used 38361K [0x00000006c0000000, 0x00000006cb600000, 0x000000076ab00000)
  object space 186368K, 20% used [0x00000006c0000000,0x00000006c2576490,0x00000006cb600000)
 Metaspace       used 69041K, capacity 72400K, committed 72704K, reserved 1112064K
  class space    used 9296K, capacity 9876K, committed 9984K, reserved 1048576K
Event: 371.162 GC heap after
Heap after GC invocations=18 (full 4):
 PSYoungGen      total 879616K, used 0K [0x000000076ab00000, 0x00000007a1d00000, 0x00000007c0000000)
  eden space 856064K, 0% used [0x000000076ab00000,0x000000076ab00000,0x000000079ef00000)
  from space 23552K, 0% used [0x00000007a0600000,0x00000007a0600000,0x00000007a1d00000)
  to   space 23552K, 0% used [0x000000079ef00000,0x000000079ef00000,0x00000007a0600000)
 ParOldGen       total 186368K, used 32257K [0x00000006c0000000, 0x00000006cb600000, 0x000000076ab00000)
  object space 186368K, 17% used [0x00000006c0000000,0x00000006c1f806e0,0x00000006cb600000)
 Metaspace       used 69021K, capacity 72358K, committed 72704K, reserved 1112064K
  class space    used 9293K, capacity 9869K, committed 9984K, reserved 1048576K
}

